********************************************************************************
DUPLICATOR-LITE PACKAGE-LOG: April 11, 2021 7:48 am
NOTICE: Do NOT post to public sites or forums 
********************************************************************************
VERSION:	1.4.0
WORDPRESS:	5.7
PHP INFO:	7.2.34 | SAPI: apache2handler
SERVER:		Apache/2.4.46 (Win64) OpenSSL/1.1.1g PHP/7.2.34 
PHP TIME LIMIT: (0) no time limit imposed 
PHP MAX MEMORY: 4294967296 (512M default) 
MEMORY STACK: 6MB

********************************************************************************
DATABASE:
********************************************************************************
BUILD MODE:   MYSQLDUMP
MYSQLTIMEOUT: 5000
MYSQLDUMP:    Is Supported
SQL CREATED: 20210411_awebsiteforgym_36bc67aeb17c02d79727_20210411074802_database.sql
SQL FILE SIZE: 868.61KB (889455)
SQL FILE TIME: 2021-04-11 07:48:21
SQL RUNTIME: 0.81 sec.

********************************************************************************
ARCHIVE (ZIP):
********************************************************************************
ARCHIVE DIR:  C:/xampp/htdocs/gymWebsite
ARCHIVE FILE: 20210411_awebsiteforgym_36bc67aeb17c02d79727_20210411074802_archive.zip
FILTERS: *OFF*
DIRS:
	not set
FILES:
	not set
EXTS:  not set
----------------------------------------
COMPRESSING
SIZE:	90.72MB
STATS:	Dirs 466 | Files 3,466
SQL ADDED: 20210411_awebsiteforgym_36bc67aeb17c02d79727_20210411074802_database.sql
ZipArchive Object
(
    [status] => 0
    [statusSys] => 0
    [numFiles] => 3932
    [filename] => C:\xampp\htdocs\gymWebsite\wp-content\backups-dup-lite\tmp\20210411_awebsiteforgym_36bc67aeb17c02d79727_20210411074802_archive.zip
    [comment] => 
)

FILE ADDED TO ZIP: 3931
COMPRESSION RESULT: '1'
COMPRESSED SIZE: 45.38MB
ARCHIVE RUNTIME: 18.33 sec.
MEMORY STACK: 8MB
building installer
add_extra_files1
add_extra_files2
add_extra_files3
add_extra_files4
Doing archive file check
add_extra_files5
add_extra_files6
add_extra_files8
Successfully opened zip C:/xampp/htdocs/gymWebsite/wp-content/backups-dup-lite/tmp/20210411_awebsiteforgym_36bc67aeb17c02d79727_20210411074802_archive.zip
Adding enhanced installer files to archive using ZipArchive
Installer files added to archive
Added to archive
After ziparchive close when adding installer

********************************************************************************
INTEGRITY CHECKS:
********************************************************************************
SQL FILE: 868.61KB
INSTALLER FILE: 63.96KB
ARCHIVE FILE: 46.89MB 
EXPECTED FILE/DIRECTORY COUNT: 3,932
ACTUAL FILE/DIRECTORY COUNT: 3,931
ARCHIVE CONSISTENCY TEST: Pass

********************************************************************************
RECORD ID:[1]
TOTAL PROCESS RUNTIME: 19.97 sec.
PEAK PHP MEMORY USED: 8MB
DONE PROCESSING => 20210411_awebsiteforgym April 11, 2021 7:48 am

